<?xml version="1.0" encoding="UTF-8"?>
<!-- Generated by org.testng.reporters.JUnitXMLReporter -->
<testsuite ignored="0" hostname="DESKTOP-C30L5ID" failures="0" tests="9" name="Test" time="25.915" errors="0" timestamp="2021-01-05T15:51:11 PST">
  <testcase classname="testcasesPkg.PatientRegistrationPageTest" name="@BeforeTest setup" time="23.29">
    <failure type="org.openqa.selenium.WebDriverException" message="unknown error: cannot determine loading status
from disconnected: received Inspector.detached event
  (Session info: chrome=87.0.4280.88)
Build info: version: &amp;apos;3.141.59&amp;apos;, revision: &amp;apos;e82be7d358&amp;apos;, time: &amp;apos;2018-11-14T08:17:03&amp;apos;
System info: host: &amp;apos;DESKTOP-C30L5ID&amp;apos;, ip: &amp;apos;192.168.43.135&amp;apos;, os.name: &amp;apos;Windows 10&amp;apos;, os.arch: &amp;apos;amd64&amp;apos;, os.version: &amp;apos;10.0&amp;apos;, java.version: &amp;apos;14.0.2&amp;apos;
Driver info: org.openqa.selenium.chrome.ChromeDriver
Capabilities {acceptInsecureCerts: false, browserName: chrome, browserVersion: 87.0.4280.88, chrome: {chromedriverVersion: 86.0.4240.22 (398b0743353ff..., userDataDir: C:\Users\admin\AppData\Loca...}, goog:chromeOptions: {debuggerAddress: localhost:61248}, javascriptEnabled: true, networkConnectionEnabled: false, pageLoadStrategy: normal, platform: WINDOWS, platformName: WINDOWS, proxy: Proxy(), setWindowRect: true, strictFileInteractability: false, timeouts: {implicit: 0, pageLoad: 300000, script: 30000}, unhandledPromptBehavior: dismiss and notify, webauthn:virtualAuthenticators: true}
Session ID: a57b70c70fd4353ce7dd8fcaf8ad984c">
      <![CDATA[org.openqa.selenium.WebDriverException: unknown error: cannot determine loading status
from disconnected: received Inspector.detached event
  (Session info: chrome=87.0.4280.88)
Build info: version: '3.141.59', revision: 'e82be7d358', time: '2018-11-14T08:17:03'
System info: host: 'DESKTOP-C30L5ID', ip: '192.168.43.135', os.name: 'Windows 10', os.arch: 'amd64', os.version: '10.0', java.version: '14.0.2'
Driver info: org.openqa.selenium.chrome.ChromeDriver
Capabilities {acceptInsecureCerts: false, browserName: chrome, browserVersion: 87.0.4280.88, chrome: {chromedriverVersion: 86.0.4240.22 (398b0743353ff..., userDataDir: C:\Users\admin\AppData\Loca...}, goog:chromeOptions: {debuggerAddress: localhost:61248}, javascriptEnabled: true, networkConnectionEnabled: false, pageLoadStrategy: normal, platform: WINDOWS, platformName: WINDOWS, proxy: Proxy(), setWindowRect: true, strictFileInteractability: false, timeouts: {implicit: 0, pageLoad: 300000, script: 30000}, unhandledPromptBehavior: dismiss and notify, webauthn:virtualAuthenticators: true}
Session ID: a57b70c70fd4353ce7dd8fcaf8ad984c
at org.openqa.selenium.remote.http.W3CHttpResponseCodec.createException(W3CHttpResponseCodec.java:187)
at org.openqa.selenium.remote.http.W3CHttpResponseCodec.decode(W3CHttpResponseCodec.java:122)
at org.openqa.selenium.remote.http.W3CHttpResponseCodec.decode(W3CHttpResponseCodec.java:49)
at org.openqa.selenium.remote.HttpCommandExecutor.execute(HttpCommandExecutor.java:158)
at org.openqa.selenium.remote.service.DriverCommandExecutor.execute(DriverCommandExecutor.java:83)
at org.openqa.selenium.remote.RemoteWebDriver.execute(RemoteWebDriver.java:552)
at org.openqa.selenium.remote.RemoteWebDriver.get(RemoteWebDriver.java:277)
at BasePkg.BaseClass.initialization(BaseClass.java:44)
at testcasesPkg.PatientRegistrationPageTest.setup(PatientRegistrationPageTest.java:35)
... Removed 29 stack frames]]>
    </failure>
  </testcase> <!-- @BeforeTest setup -->
  <testcase classname="testcasesPkg.PatientRegistrationPageTest" name="@AfterTest teardown" time="-1.609890671891E9">
    <skipped/>
  </testcase> <!-- @AfterTest teardown -->
  <testcase classname="testcasesPkg.PatientRegistrationPageTest" name="verifyRegistrationOfPatientTest" time="0.0">
    <skipped/>
  </testcase> <!-- verifyRegistrationOfPatientTest -->
  <testcase classname="testcasesPkg.PatientRegistrationPageTest" name="getPatientUHIDTest" time="0.0">
    <skipped/>
  </testcase> <!-- getPatientUHIDTest -->
  <testcase classname="testcasesPkg.PatientRegistrationPageTest" name="verifyClearTest" time="0.0">
    <skipped/>
  </testcase> <!-- verifyClearTest -->
  <testcase classname="testcasesPkg.PatientRegistrationPageTest" name="verifyFetchPatientByHandIconTest" time="0.0">
    <skipped/>
  </testcase> <!-- verifyFetchPatientByHandIconTest -->
  <testcase classname="testcasesPkg.PatientRegistrationPageTest" name="verifyPrintPatientInfoTest" time="0.0">
    <skipped/>
  </testcase> <!-- verifyPrintPatientInfoTest -->
  <testcase classname="testcasesPkg.PatientRegistrationPageTest" name="verifyPrintRegistrationCardTest" time="0.0">
    <skipped/>
  </testcase> <!-- verifyPrintRegistrationCardTest -->
  <testcase classname="testcasesPkg.PatientRegistrationPageTest" name="verifyCompanyDocumentTest" time="0.0">
    <skipped/>
  </testcase> <!-- verifyCompanyDocumentTest -->
  <testcase classname="testcasesPkg.PatientRegistrationPageTest" name="verifyPrintLoyaltyCardTest" time="0.0">
    <skipped/>
  </testcase> <!-- verifyPrintLoyaltyCardTest -->
  <testcase classname="testcasesPkg.PatientRegistrationPageTest" name="verifyOpVisitTest" time="0.0">
    <skipped/>
  </testcase> <!-- verifyOpVisitTest -->
</testsuite> <!-- Test -->
